#
# There is insufficient memory for the Java Runtime Environment to continue.
# Native memory allocation (mmap) failed to map 536870912 bytes for G1 virtual space
# Possible reasons:
#   The system is out of physical RAM or swap space
#   The process is running with CompressedOops enabled, and the Java Heap may be blocking the growth of the native heap
# Possible solutions:
#   Reduce memory load on the system
#   Increase physical memory or swap space
#   Check if swap backing store is full
#   Decrease Java heap size (-Xmx/-Xms)
#   Decrease number of Java threads
#   Decrease Java thread stack sizes (-Xss)
#   Set larger code cache with -XX:ReservedCodeCacheSize=
#   JVM is running with Zero Based Compressed Oops mode in which the Java heap is
#     placed in the first 32GB address space. The Java Heap base address is the
#     maximum limit for the native heap growth. Please use -XX:HeapBaseMinAddress
#     to set the Java Heap base and to place the Java Heap above 32GB virtual address.
# This output file may be truncated or incomplete.
#
#  Out of Memory Error (os_windows.cpp:3559), pid=28216, tid=12608
#
# JRE version:  (17.0.7+7) (build )
# Java VM: OpenJDK 64-Bit Server VM (17.0.7+7, mixed mode, sharing, tiered, compressed oops, compressed class ptrs, g1 gc, windows-amd64)
# No core dump will be written. Minidumps are not enabled by default on client versions of Windows
#

---------------  S U M M A R Y ------------

Command Line: -XX:+ShowCodeDetailsInExceptionMessages App

Host: Intel(R) Core(TM) i7-9700 CPU @ 3.00GHz, 8 cores, 31G,  Windows 11 , 64 bit Build 22000 (10.0.22000.2360)
Time: Tue Jan 23 09:51:37 2024 Hora est. Pacífico, Sudamérica elapsed time: 0.012248 seconds (0d 0h 0m 0s)

---------------  T H R E A D  ---------------

Current thread (0x000001e8eeaaed20):  JavaThread "Unknown thread" [_thread_in_vm, id=12608, stack(0x0000003392100000,0x0000003392200000)]

Stack: [0x0000003392100000,0x0000003392200000]
Native frames: (J=compiled Java code, j=interpreted, Vv=VM code, C=native code)
V  [jvm.dll+0x67754a]
V  [jvm.dll+0x834304]
V  [jvm.dll+0x835aae]
V  [jvm.dll+0x836113]
V  [jvm.dll+0x24696f]
V  [jvm.dll+0x6743f9]
V  [jvm.dll+0x668c8a]
V  [jvm.dll+0x3061bb]
V  [jvm.dll+0x30d6a6]
V  [jvm.dll+0x35cece]
V  [jvm.dll+0x35d0ff]
V  [jvm.dll+0x2dd048]
V  [jvm.dll+0x2ddfb4]
V  [jvm.dll+0x8066d1]
V  [jvm.dll+0x36ac91]
V  [jvm.dll+0x7e5cec]
V  [jvm.dll+0x3ed56f]
V  [jvm.dll+0x3ef0a1]
C  [jli.dll+0x528b]
C  [ucrtbase.dll+0x26c0c]
C  [KERNEL32.DLL+0x153e0]
C  [ntdll.dll+0x485b]


---------------  P R O C E S S  ---------------

Threads class SMR info:
_java_thread_list=0x00007ffa68ba7018, length=0, elements={
}

Java Threads: ( => current thread )

Other Threads:
  0x000001e8eeb60bb0 GCTaskThread "GC Thread#0" [stack: 0x0000003392200000,0x0000003392300000] [id=26948]
  0x000001e8eeb71970 ConcurrentGCThread "G1 Main Marker" [stack: 0x0000003392300000,0x0000003392400000] [id=28252]
  0x000001e8eeb72380 ConcurrentGCThread "G1 Conc#0" [stack: 0x0000003392400000,0x0000003392500000] [id=3400]

[error occurred during error reporting (printing all threads), id 0xc0000005, EXCEPTION_ACCESS_VIOLATION (0xc0000005) at pc=0x00007ffa6837daf7]

VM state: not at safepoint (not fully initialized)

VM Mutex/Monitor currently owned by a thread:  ([mutex/lock_event])
[0x000001e8eeaaba10] Heap_lock - owner thread: 0x000001e8eeaaed20

Heap address: 0x0000000603000000, size: 8144 MB, Compressed Oops mode: Zero based, Oop shift amount: 3

CDS archive(s) mapped at: [0x0000000000000000-0x0000000000000000-0x0000000000000000), size 0, SharedBaseAddress: 0x0000000800000000, ArchiveRelocationMode: 0.
Narrow klass base: 0x0000000000000000, Narrow klass shift: 0, Narrow klass range: 0x0

GC Precious Log:
<Empty>

Heap:
 garbage-first heap   total 0K, used 0K [0x0000000603000000, 0x0000000800000000)
  region size 4096K, 0 young (0K), 0 survivors (0K)

[error occurred during error reporting (printing heap information), id 0xc0000005, EXCEPTION_ACCESS_VIOLATION (0xc0000005) at pc=0x00007ffa68760db9]

GC Heap History (0 events):
No events

Dll operation events (1 events):
Event: 0.006 Loaded shared library C:\Program Files\Eclipse Adoptium\jdk-17.0.7.7-hotspot\bin\java.dll

Deoptimization events (0 events):
No events

Classes unloaded (0 events):
No events

Classes redefined (0 events):
No events

Internal exceptions (0 events):
No events

VM Operations (0 events):
No events

Events (0 events):
No events


Dynamic libraries:
0x00007ff6d31e0000 - 0x00007ff6d31ee000 	C:\Program Files\Eclipse Adoptium\jdk-17.0.7.7-hotspot\bin\java.exe
0x00007ffab42a0000 - 0x00007ffab44a9000 	C:\WINDOWS\SYSTEM32\ntdll.dll
0x00007ffab2200000 - 0x00007ffab22bd000 	C:\WINDOWS\System32\KERNEL32.DLL
0x00007ffab18d0000 - 0x00007ffab1c54000 	C:\WINDOWS\System32\KERNELBASE.dll
0x00007ffab1eb0000 - 0x00007ffab1fc1000 	C:\WINDOWS\System32\ucrtbase.dll
0x00007ffa8e0a0000 - 0x00007ffa8e0b9000 	C:\Program Files\Eclipse Adoptium\jdk-17.0.7.7-hotspot\bin\VCRUNTIME140.dll
0x00007ffaa14d0000 - 0x00007ffaa14e7000 	C:\Program Files\Eclipse Adoptium\jdk-17.0.7.7-hotspot\bin\jli.dll
0x00007ffab22c0000 - 0x00007ffab246d000 	C:\WINDOWS\System32\USER32.dll
0x00007ffab1730000 - 0x00007ffab1756000 	C:\WINDOWS\System32\win32u.dll
0x00007ffa95010000 - 0x00007ffa952b5000 	C:\WINDOWS\WinSxS\amd64_microsoft.windows.common-controls_6595b64144ccf1df_6.0.22000.120_none_9d947278b86cc467\COMCTL32.dll
0x00007ffab25a0000 - 0x00007ffab25ca000 	C:\WINDOWS\System32\GDI32.dll
0x00007ffab1fd0000 - 0x00007ffab20ee000 	C:\WINDOWS\System32\gdi32full.dll
0x00007ffab2950000 - 0x00007ffab29f3000 	C:\WINDOWS\System32\msvcrt.dll
0x00007ffab1cd0000 - 0x00007ffab1d6d000 	C:\WINDOWS\System32\msvcp_win.dll
0x00007ffab3a20000 - 0x00007ffab3a51000 	C:\WINDOWS\System32\IMM32.DLL
0x00007ffaadab0000 - 0x00007ffaadabc000 	C:\Program Files\Eclipse Adoptium\jdk-17.0.7.7-hotspot\bin\vcruntime140_1.dll
0x00007ffa68ce0000 - 0x00007ffa68d71000 	C:\Program Files\Eclipse Adoptium\jdk-17.0.7.7-hotspot\bin\msvcp140.dll
0x00007ffa68090000 - 0x00007ffa68cd8000 	C:\Program Files\Eclipse Adoptium\jdk-17.0.7.7-hotspot\bin\server\jvm.dll
0x00007ffab2df0000 - 0x00007ffab2e9e000 	C:\WINDOWS\System32\ADVAPI32.dll
0x00007ffab41c0000 - 0x00007ffab425e000 	C:\WINDOWS\System32\sechost.dll
0x00007ffab2470000 - 0x00007ffab2591000 	C:\WINDOWS\System32\RPCRT4.dll
0x00007ffaaa7f0000 - 0x00007ffaaa823000 	C:\WINDOWS\SYSTEM32\WINMM.dll
0x00007ffaaa910000 - 0x00007ffaaa919000 	C:\WINDOWS\SYSTEM32\WSOCK32.dll
0x00007ffab27f0000 - 0x00007ffab285f000 	C:\WINDOWS\System32\WS2_32.dll
0x00007ffaaa510000 - 0x00007ffaaa51a000 	C:\WINDOWS\SYSTEM32\VERSION.dll
0x00007ffab07a0000 - 0x00007ffab07b8000 	C:\WINDOWS\SYSTEM32\kernel.appcore.dll
0x00007ffa99af0000 - 0x00007ffa99afa000 	C:\Program Files\Eclipse Adoptium\jdk-17.0.7.7-hotspot\bin\jimage.dll
0x00007ffa9f310000 - 0x00007ffa9f531000 	C:\WINDOWS\SYSTEM32\DBGHELP.DLL
0x00007ffa9e600000 - 0x00007ffa9e631000 	C:\WINDOWS\SYSTEM32\dbgcore.DLL
0x00007ffab1e30000 - 0x00007ffab1eaf000 	C:\WINDOWS\System32\bcryptPrimitives.dll
0x00007ffa8c090000 - 0x00007ffa8c0b5000 	C:\Program Files\Eclipse Adoptium\jdk-17.0.7.7-hotspot\bin\java.dll

dbghelp: loaded successfully - version: 4.0.5 - missing functions: none
symbol engine: initialized successfully - sym options: 0x614 - pdb path: .;C:\Program Files\Eclipse Adoptium\jdk-17.0.7.7-hotspot\bin;C:\WINDOWS\SYSTEM32;C:\WINDOWS\WinSxS\amd64_microsoft.windows.common-controls_6595b64144ccf1df_6.0.22000.120_none_9d947278b86cc467;C:\Program Files\Eclipse Adoptium\jdk-17.0.7.7-hotspot\bin\server

VM Arguments:
jvm_args: -XX:+ShowCodeDetailsInExceptionMessages 
java_command: App
java_class_path (initial): C:\Users\ADSI\Downloads\Tarea (1)\Tarea\bin;c:\Users\ADSI\Downloads\mysql-connector-j-8.2.0.jar
Launcher Type: SUN_STANDARD

[Global flags]
     intx CICompilerCount                          = 4                                         {product} {ergonomic}
     uint ConcGCThreads                            = 2                                         {product} {ergonomic}
     uint G1ConcRefinementThreads                  = 8                                         {product} {ergonomic}
   size_t G1HeapRegionSize                         = 4194304                                   {product} {ergonomic}
    uintx GCDrainStackTargetSize                   = 64                                        {product} {ergonomic}
   size_t InitialHeapSize                          = 536870912                                 {product} {ergonomic}
   size_t MarkStackSize                            = 4194304                                   {product} {ergonomic}
   size_t MaxHeapSize                              = 8539602944                                {product} {ergonomic}
   size_t MinHeapDeltaBytes                        = 4194304                                   {product} {ergonomic}
   size_t MinHeapSize                              = 8388608                                   {product} {ergonomic}
    uintx NonNMethodCodeHeapSize                   = 5839372                                {pd product} {ergonomic}
    uintx NonProfiledCodeHeapSize                  = 122909434                              {pd product} {ergonomic}
    uintx ProfiledCodeHeapSize                     = 122909434                              {pd product} {ergonomic}
    uintx ReservedCodeCacheSize                    = 251658240                              {pd product} {ergonomic}
     bool SegmentedCodeCache                       = true                                      {product} {ergonomic}
     bool ShowCodeDetailsInExceptionMessages       = true                                   {manageable} {command line}
   size_t SoftMaxHeapSize                          = 8539602944                             {manageable} {ergonomic}
     bool UseCompressedClassPointers               = true                           {product lp64_product} {ergonomic}
     bool UseCompressedOops                        = true                           {product lp64_product} {ergonomic}
     bool UseG1GC                                  = true                                      {product} {ergonomic}
     bool UseLargePagesIndividualAllocation        = false                                  {pd product} {ergonomic}

Logging:
Log output configuration:
 #0: stdout all=warning uptime,level,tags
 #1: stderr all=off uptime,level,tags

Environment Variables:
JAVA_HOME=C:\Program Files\Eclipse Adoptium\jdk-17.0.7.7-hotspot\
PATH=C:\Program Files\Eclipse Adoptium\jdk-17.0.7.7-hotspot\bin;C:\Program Files\Common Files\Oracle\Java\javapath;C:\Program Files\Java\jdk1.8.0_202\bin;C:\Program Files\Eclipse Adoptium\jdk-8.0.362.9-hotspot\bin;C:\ProgramData\Oracle\Java\javapath;C:\WINDOWS\system32;C:\WINDOWS;C:\WINDOWS\System32\Wbem;C:\WINDOWS\System32\WindowsPowerShell\v1.0\;C:\WINDOWS\System32\OpenSSH\;C:\Program Files (x86)\Microsoft SQL Server\100\Tools\Binn\;C:\Program Files (x86)\Microsoft SQL Server\100\DTS\Binn\;C:\Program Files (x86)\Java\jdk-17.0.2;C:\xampp\php;C:\Program Files\Eclipse Adoptium\jdk-17.0.7.7-hotspot\\bin;C:\Program Files\Apache Software Foundation\apache-maven-3.8.4\bin;C:\Program Files\Git\cmd;C:\Program Files\dotnet\;C:\Users\ADSI\AppData\Local\Programs\Python\Python310;C:\Users\ADSI\AppData\Local\Programs\Python\Python310\Scripts;C:\composer;C:\Program Files (x86)\Microsoft SQL Server\Client SDK\ODBC\130\Tools\Binn\;C:\Program Files (x86)\Microsoft SQL Server\140\Tools\Binn\;C:\Program Files (x86)\Microsoft SQL Server\140\DTS\Binn\;C:\Program Files (x86)\Microsoft SQL Server\140\Tools\Binn\ManagementStudio\;C:\Program Files (x86)\Microsoft SQL Server\100\Tools\Binn\VSShell\Common7\IDE\;C:\Program Files\Microsoft SQL Server\100\Tools\Binn\;C:\Program Files\Eclipse Adoptium\jdk-17.0.7.7-hotspot\\bin;C:\Program Files (x86)\Microsoft SQL Server\160\DTS\Binn\;C:\Program Files\Azure Data Studio\bin;C:\Program Files\nodejs\;C:\Program Files\MySQL\MySQL Shell 8.0\bin\;C:\Users\ADSI\AppData\Local\Programs\Python\Python310\Scripts\;C:\Users\ADSI\AppData\Local\Programs\Python\Python310\;C:\xampp\php;C:\Users\ADSI\AppData\Local\Microsoft\WindowsApps;C:\Users\ADSI\AppData\Roaming\Composer\vendor\bin;C:\Users\ADSI\AppData\Local\Programs\Microsoft VS Code\bin;C:\Users\ADSI\AppData\Local\Programs\Python\Python310;C:\Users\ADSI\AppData\Local\Programs\Python\Python310\Scripts;C:\Users\ADSI\AppData\Local\GitHubDesktop\bin;;C:\Program Files\Azure Data Studio\bin;C:\Users\ADSI\AppData\Roam
USERNAME=ADSI
LANG=en_US.UTF-8
OS=Windows_NT
PROCESSOR_IDENTIFIER=Intel64 Family 6 Model 158 Stepping 13, GenuineIntel
TMP=C:\Users\ADSI\AppData\Local\Temp
TEMP=C:\Users\ADSI\AppData\Local\Temp



---------------  S Y S T E M  ---------------

OS:
 Windows 11 , 64 bit Build 22000 (10.0.22000.2360)
OS uptime: 41 days 1:47 hours

CPU: total 8 (initial active 8) (8 cores per cpu, 1 threads per core) family 6 model 158 stepping 13 microcode 0xde, cx8, cmov, fxsr, mmx, 3dnowpref, sse, sse2, sse3, ssse3, sse4.1, sse4.2, popcnt, lzcnt, tsc, tscinvbit, avx, avx2, aes, erms, clmul, bmi1, bmi2, adx, fma, vzeroupper, clflush, clflushopt

Memory: 4k page, system-wide physical 32565M (6159M free)
TotalPageFile size 88654M (AvailPageFile size 58M)
current process WorkingSet (physical memory assigned to process): 10M, peak: 10M
current process commit charge ("private bytes"): 60M, peak: 572M

vm_info: OpenJDK 64-Bit Server VM (17.0.7+7) for windows-amd64 JRE (17.0.7+7), built on Apr 18 2023 22:10:42 by "temurin" with MS VC++ 16.7 (VS2019)

END.
